
  .   ____          _            __ _ _
 /\\ / ___'_ __ _ _(_)_ __  __ _ \ \ \ \
( ( )\___ | '_ | '_| | '_ \/ _` | \ \ \ \
 \\/  ___)| |_)| | | | | || (_| |  ) ) ) )
  '  |____| .__|_| |_|_| |_\__, | / / / /
 =========|_|==============|___/=/_/_/_/
 :: Spring Boot ::        (v2.3.4.RELEASE)

2022-11-20 19:03:19.930  INFO 21772 --- [           main] c.d.DevOpsUsach2020Application           : Starting DevOpsUsach2020Application on DESKTOP-O2JKLB8 with PID 21772 (D:\Workspace\Projects\github\devops-corfo-2022\ejemplo-gradle\build\libs\DevOpsUsach2020-0.0.1.jar started by reta_ in D:\Workspace\Projects\github\devops-corfo-2022\ejemplo-gradle)
2022-11-20 19:03:19.933  INFO 21772 --- [           main] c.d.DevOpsUsach2020Application           : No active profile set, falling back to default profiles: default
2022-11-20 19:03:19.996  INFO 21772 --- [           main] .e.DevToolsPropertyDefaultsPostProcessor : For additional web related logging consider setting the 'logging.level.web' property to 'DEBUG'
2022-11-20 19:03:21.139  INFO 21772 --- [           main] o.s.b.w.embedded.tomcat.TomcatWebServer  : Tomcat initialized with port(s): 8081 (http)
2022-11-20 19:03:21.152  INFO 21772 --- [           main] o.apache.catalina.core.StandardService   : Starting service [Tomcat]
2022-11-20 19:03:21.152  INFO 21772 --- [           main] org.apache.catalina.core.StandardEngine  : Starting Servlet engine: [Apache Tomcat/9.0.38]
2022-11-20 19:03:21.228  INFO 21772 --- [           main] o.a.c.c.C.[Tomcat].[localhost].[/]       : Initializing Spring embedded WebApplicationContext
2022-11-20 19:03:21.228  INFO 21772 --- [           main] w.s.c.ServletWebServerApplicationContext : Root WebApplicationContext: initialization completed in 1232 ms
2022-11-20 19:03:21.396  INFO 21772 --- [           main] o.s.s.concurrent.ThreadPoolTaskExecutor  : Initializing ExecutorService 'applicationTaskExecutor'
2022-11-20 19:03:21.580  WARN 21772 --- [           main] ConfigServletWebServerApplicationContext : Exception encountered during context initialization - cancelling refresh attempt: org.springframework.context.ApplicationContextException: Failed to start bean 'webServerStartStop'; nested exception is org.springframework.boot.web.server.PortInUseException: Port 8081 is already in use
2022-11-20 19:03:21.580  INFO 21772 --- [           main] o.s.s.concurrent.ThreadPoolTaskExecutor  : Shutting down ExecutorService 'applicationTaskExecutor'
2022-11-20 19:03:21.583  INFO 21772 --- [           main] o.apache.catalina.core.StandardService   : Stopping service [Tomcat]
2022-11-20 19:03:21.594  INFO 21772 --- [           main] ConditionEvaluationReportLoggingListener : 

Error starting ApplicationContext. To display the conditions report re-run your application with 'debug' enabled.
2022-11-20 19:03:21.595 ERROR 21772 --- [           main] o.s.b.d.LoggingFailureAnalysisReporter   : 

***************************
APPLICATION FAILED TO START
***************************

Description:

Web server failed to start. Port 8081 was already in use.

Action:

Identify and stop the process that's listening on port 8081 or configure this application to listen on another port.


  .   ____          _            __ _ _
 /\\ / ___'_ __ _ _(_)_ __  __ _ \ \ \ \
( ( )\___ | '_ | '_| | '_ \/ _` | \ \ \ \
 \\/  ___)| |_)| | | | | || (_| |  ) ) ) )
  '  |____| .__|_| |_|_| |_\__, | / / / /
 =========|_|==============|___/=/_/_/_/
 :: Spring Boot ::        (v2.3.4.RELEASE)

2022-11-20 19:48:54.224  INFO 19064 --- [           main] c.d.DevOpsUsach2020Application           : Starting DevOpsUsach2020Application on DESKTOP-O2JKLB8 with PID 19064 (D:\Workspace\Projects\github\devops-corfo-2022\ejemplo-gradle\build\libs\DevOpsUsach2020-0.0.1.jar started by reta_ in D:\Workspace\Projects\github\devops-corfo-2022\ejemplo-gradle)
2022-11-20 19:48:54.227  INFO 19064 --- [           main] c.d.DevOpsUsach2020Application           : No active profile set, falling back to default profiles: default
2022-11-20 19:48:54.279  INFO 19064 --- [           main] .e.DevToolsPropertyDefaultsPostProcessor : For additional web related logging consider setting the 'logging.level.web' property to 'DEBUG'
2022-11-20 19:48:55.426  INFO 19064 --- [           main] o.s.b.w.embedded.tomcat.TomcatWebServer  : Tomcat initialized with port(s): 8081 (http)
2022-11-20 19:48:55.438  INFO 19064 --- [           main] o.apache.catalina.core.StandardService   : Starting service [Tomcat]
2022-11-20 19:48:55.438  INFO 19064 --- [           main] org.apache.catalina.core.StandardEngine  : Starting Servlet engine: [Apache Tomcat/9.0.38]
2022-11-20 19:48:55.507  INFO 19064 --- [           main] o.a.c.c.C.[Tomcat].[localhost].[/]       : Initializing Spring embedded WebApplicationContext
2022-11-20 19:48:55.507  INFO 19064 --- [           main] w.s.c.ServletWebServerApplicationContext : Root WebApplicationContext: initialization completed in 1228 ms
2022-11-20 19:48:55.670  INFO 19064 --- [           main] o.s.s.concurrent.ThreadPoolTaskExecutor  : Initializing ExecutorService 'applicationTaskExecutor'
2022-11-20 19:48:55.853  WARN 19064 --- [           main] ConfigServletWebServerApplicationContext : Exception encountered during context initialization - cancelling refresh attempt: org.springframework.context.ApplicationContextException: Failed to start bean 'webServerStartStop'; nested exception is org.springframework.boot.web.server.PortInUseException: Port 8081 is already in use
2022-11-20 19:48:55.853  INFO 19064 --- [           main] o.s.s.concurrent.ThreadPoolTaskExecutor  : Shutting down ExecutorService 'applicationTaskExecutor'
2022-11-20 19:48:55.855  INFO 19064 --- [           main] o.apache.catalina.core.StandardService   : Stopping service [Tomcat]
2022-11-20 19:48:55.866  INFO 19064 --- [           main] ConditionEvaluationReportLoggingListener : 

Error starting ApplicationContext. To display the conditions report re-run your application with 'debug' enabled.
2022-11-20 19:48:55.870 ERROR 19064 --- [           main] o.s.b.d.LoggingFailureAnalysisReporter   : 

***************************
APPLICATION FAILED TO START
***************************

Description:

Web server failed to start. Port 8081 was already in use.

Action:

Identify and stop the process that's listening on port 8081 or configure this application to listen on another port.


  .   ____          _            __ _ _
 /\\ / ___'_ __ _ _(_)_ __  __ _ \ \ \ \
( ( )\___ | '_ | '_| | '_ \/ _` | \ \ \ \
 \\/  ___)| |_)| | | | | || (_| |  ) ) ) )
  '  |____| .__|_| |_|_| |_\__, | / / / /
 =========|_|==============|___/=/_/_/_/
 :: Spring Boot ::        (v2.3.4.RELEASE)

2022-11-20 19:48:59.788  INFO 5616 --- [           main] c.d.DevOpsUsach2020Application           : Starting DevOpsUsach2020Application on DESKTOP-O2JKLB8 with PID 5616 (D:\Workspace\Projects\github\devops-corfo-2022\ejemplo-gradle\build\libs\DevOpsUsach2020-0.0.1.jar started by reta_ in D:\Workspace\Projects\github\devops-corfo-2022\ejemplo-gradle)
2022-11-20 19:48:59.791  INFO 5616 --- [           main] c.d.DevOpsUsach2020Application           : No active profile set, falling back to default profiles: default
2022-11-20 19:48:59.844  INFO 5616 --- [           main] .e.DevToolsPropertyDefaultsPostProcessor : For additional web related logging consider setting the 'logging.level.web' property to 'DEBUG'
2022-11-20 19:49:01.002  INFO 5616 --- [           main] o.s.b.w.embedded.tomcat.TomcatWebServer  : Tomcat initialized with port(s): 8081 (http)
2022-11-20 19:49:01.013  INFO 5616 --- [           main] o.apache.catalina.core.StandardService   : Starting service [Tomcat]
2022-11-20 19:49:01.014  INFO 5616 --- [           main] org.apache.catalina.core.StandardEngine  : Starting Servlet engine: [Apache Tomcat/9.0.38]
2022-11-20 19:49:01.082  INFO 5616 --- [           main] o.a.c.c.C.[Tomcat].[localhost].[/]       : Initializing Spring embedded WebApplicationContext
2022-11-20 19:49:01.083  INFO 5616 --- [           main] w.s.c.ServletWebServerApplicationContext : Root WebApplicationContext: initialization completed in 1239 ms
2022-11-20 19:49:01.244  INFO 5616 --- [           main] o.s.s.concurrent.ThreadPoolTaskExecutor  : Initializing ExecutorService 'applicationTaskExecutor'
2022-11-20 19:49:01.423  WARN 5616 --- [           main] ConfigServletWebServerApplicationContext : Exception encountered during context initialization - cancelling refresh attempt: org.springframework.context.ApplicationContextException: Failed to start bean 'webServerStartStop'; nested exception is org.springframework.boot.web.server.PortInUseException: Port 8081 is already in use
2022-11-20 19:49:01.423  INFO 5616 --- [           main] o.s.s.concurrent.ThreadPoolTaskExecutor  : Shutting down ExecutorService 'applicationTaskExecutor'
2022-11-20 19:49:01.425  INFO 5616 --- [           main] o.apache.catalina.core.StandardService   : Stopping service [Tomcat]
2022-11-20 19:49:01.436  INFO 5616 --- [           main] ConditionEvaluationReportLoggingListener : 

Error starting ApplicationContext. To display the conditions report re-run your application with 'debug' enabled.
2022-11-20 19:49:01.437 ERROR 5616 --- [           main] o.s.b.d.LoggingFailureAnalysisReporter   : 

***************************
APPLICATION FAILED TO START
***************************

Description:

Web server failed to start. Port 8081 was already in use.

Action:

Identify and stop the process that's listening on port 8081 or configure this application to listen on another port.

